<?xml version="1.0" encoding="UTF-8"?>
<testsuite name="com.mindex.challenge.service.impl.ReportingStructureServiceImplTest" tests="3" skipped="0" failures="0" errors="0" timestamp="2024-10-23T18:35:34" hostname="DESKTOP-HUAAO3G" time="0.646">
  <properties/>
  <testcase name="testSingleEmployee" classname="com.mindex.challenge.service.impl.ReportingStructureServiceImplTest" time="0.562"/>
  <testcase name="testOneDirectReport" classname="com.mindex.challenge.service.impl.ReportingStructureServiceImplTest" time="0.036"/>
  <testcase name="testTopEmployee" classname="com.mindex.challenge.service.impl.ReportingStructureServiceImplTest" time="0.047"/>
  <system-out><![CDATA[14:35:30.944 [Test worker] DEBUG org.springframework.test.context.junit4.SpringJUnit4ClassRunner - SpringJUnit4ClassRunner constructor called with [class com.mindex.challenge.service.impl.ReportingStructureServiceImplTest]
14:35:30.950 [Test worker] DEBUG org.springframework.test.context.BootstrapUtils - Instantiating CacheAwareContextLoaderDelegate from class [org.springframework.test.context.cache.DefaultCacheAwareContextLoaderDelegate]
14:35:30.959 [Test worker] DEBUG org.springframework.test.context.BootstrapUtils - Instantiating BootstrapContext using constructor [public org.springframework.test.context.support.DefaultBootstrapContext(java.lang.Class,org.springframework.test.context.CacheAwareContextLoaderDelegate)]
14:35:30.988 [Test worker] DEBUG org.springframework.test.context.BootstrapUtils - Instantiating TestContextBootstrapper for test class [com.mindex.challenge.service.impl.ReportingStructureServiceImplTest] from class [org.springframework.boot.test.context.SpringBootTestContextBootstrapper]
14:35:31.003 [Test worker] INFO org.springframework.boot.test.context.SpringBootTestContextBootstrapper - Neither @ContextConfiguration nor @ContextHierarchy found for test class [com.mindex.challenge.service.impl.ReportingStructureServiceImplTest], using SpringBootContextLoader
14:35:31.007 [Test worker] DEBUG org.springframework.test.context.support.AbstractContextLoader - Did not detect default resource location for test class [com.mindex.challenge.service.impl.ReportingStructureServiceImplTest]: class path resource [com/mindex/challenge/service/impl/ReportingStructureServiceImplTest-context.xml] does not exist
14:35:31.008 [Test worker] DEBUG org.springframework.test.context.support.AbstractContextLoader - Did not detect default resource location for test class [com.mindex.challenge.service.impl.ReportingStructureServiceImplTest]: class path resource [com/mindex/challenge/service/impl/ReportingStructureServiceImplTestContext.groovy] does not exist
14:35:31.008 [Test worker] INFO org.springframework.test.context.support.AbstractContextLoader - Could not detect default resource locations for test class [com.mindex.challenge.service.impl.ReportingStructureServiceImplTest]: no resource found for suffixes {-context.xml, Context.groovy}.
14:35:31.009 [Test worker] INFO org.springframework.test.context.support.AnnotationConfigContextLoaderUtils - Could not detect default configuration classes for test class [com.mindex.challenge.service.impl.ReportingStructureServiceImplTest]: ReportingStructureServiceImplTest does not declare any static, non-private, non-final, nested classes annotated with @Configuration.
14:35:31.047 [Test worker] DEBUG org.springframework.test.context.support.ActiveProfilesUtils - Could not find an 'annotation declaring class' for annotation type [org.springframework.test.context.ActiveProfiles] and class [com.mindex.challenge.service.impl.ReportingStructureServiceImplTest]
14:35:31.148 [Test worker] DEBUG org.springframework.context.annotation.ClassPathScanningCandidateComponentProvider - Identified candidate component class: file [C:\Users\Tyler\Downloads\mindex-java-code-challenge\build\classes\java\main\com\mindex\challenge\ChallengeApplication.class]
14:35:31.155 [Test worker] INFO org.springframework.boot.test.context.SpringBootTestContextBootstrapper - Found @SpringBootConfiguration com.mindex.challenge.ChallengeApplication for test class com.mindex.challenge.service.impl.ReportingStructureServiceImplTest
14:35:31.245 [Test worker] DEBUG org.springframework.boot.test.context.SpringBootTestContextBootstrapper - @TestExecutionListeners is not present for class [com.mindex.challenge.service.impl.ReportingStructureServiceImplTest]: using defaults.
14:35:31.245 [Test worker] INFO org.springframework.boot.test.context.SpringBootTestContextBootstrapper - Loaded default TestExecutionListener class names from location [META-INF/spring.factories]: [org.springframework.boot.test.autoconfigure.restdocs.RestDocsTestExecutionListener, org.springframework.boot.test.autoconfigure.web.client.MockRestServiceServerResetTestExecutionListener, org.springframework.boot.test.autoconfigure.web.servlet.MockMvcPrintOnlyOnFailureTestExecutionListener, org.springframework.boot.test.autoconfigure.web.servlet.WebDriverTestExecutionListener, org.springframework.boot.test.mock.mockito.MockitoTestExecutionListener, org.springframework.boot.test.mock.mockito.ResetMocksTestExecutionListener, org.springframework.test.context.web.ServletTestExecutionListener, org.springframework.test.context.support.DirtiesContextBeforeModesTestExecutionListener, org.springframework.test.context.support.DependencyInjectionTestExecutionListener, org.springframework.test.context.support.DirtiesContextTestExecutionListener, org.springframework.test.context.transaction.TransactionalTestExecutionListener, org.springframework.test.context.jdbc.SqlScriptsTestExecutionListener, org.springframework.test.context.event.EventPublishingTestExecutionListener]
14:35:31.263 [Test worker] INFO org.springframework.boot.test.context.SpringBootTestContextBootstrapper - Using TestExecutionListeners: [org.springframework.test.context.web.ServletTestExecutionListener@690e2eff, org.springframework.test.context.support.DirtiesContextBeforeModesTestExecutionListener@3914d7b9, org.springframework.boot.test.mock.mockito.MockitoTestExecutionListener@2059991, org.springframework.boot.test.autoconfigure.SpringBootDependencyInjectionTestExecutionListener@7332b466, org.springframework.test.context.support.DirtiesContextTestExecutionListener@6bd30529, org.springframework.test.context.transaction.TransactionalTestExecutionListener@7465bef5, org.springframework.test.context.jdbc.SqlScriptsTestExecutionListener@5a0268f9, org.springframework.test.context.event.EventPublishingTestExecutionListener@3cf5665b, org.springframework.boot.test.autoconfigure.restdocs.RestDocsTestExecutionListener@4ffcc6a1, org.springframework.boot.test.autoconfigure.web.client.MockRestServiceServerResetTestExecutionListener@16374bbd, org.springframework.boot.test.autoconfigure.web.servlet.MockMvcPrintOnlyOnFailureTestExecutionListener@5fbbac22, org.springframework.boot.test.autoconfigure.web.servlet.WebDriverTestExecutionListener@486bce30, org.springframework.boot.test.mock.mockito.ResetMocksTestExecutionListener@610bd052]
14:35:31.266 [Test worker] DEBUG org.springframework.test.annotation.ProfileValueUtils - Retrieved @ProfileValueSourceConfiguration [null] for test class [com.mindex.challenge.service.impl.ReportingStructureServiceImplTest]
14:35:31.266 [Test worker] DEBUG org.springframework.test.annotation.ProfileValueUtils - Retrieved ProfileValueSource type [class org.springframework.test.annotation.SystemProfileValueSource] for class [com.mindex.challenge.service.impl.ReportingStructureServiceImplTest]
14:35:31.268 [Test worker] DEBUG org.springframework.test.annotation.ProfileValueUtils - Retrieved @ProfileValueSourceConfiguration [null] for test class [com.mindex.challenge.service.impl.ReportingStructureServiceImplTest]
14:35:31.268 [Test worker] DEBUG org.springframework.test.annotation.ProfileValueUtils - Retrieved ProfileValueSource type [class org.springframework.test.annotation.SystemProfileValueSource] for class [com.mindex.challenge.service.impl.ReportingStructureServiceImplTest]
14:35:31.269 [Test worker] DEBUG org.springframework.test.annotation.ProfileValueUtils - Retrieved @ProfileValueSourceConfiguration [null] for test class [com.mindex.challenge.service.impl.ReportingStructureServiceImplTest]
14:35:31.269 [Test worker] DEBUG org.springframework.test.annotation.ProfileValueUtils - Retrieved ProfileValueSource type [class org.springframework.test.annotation.SystemProfileValueSource] for class [com.mindex.challenge.service.impl.ReportingStructureServiceImplTest]
14:35:31.272 [Test worker] DEBUG org.springframework.test.context.support.AbstractDirtiesContextTestExecutionListener - Before test class: context [DefaultTestContext@108059f4 testClass = ReportingStructureServiceImplTest, testInstance = [null], testMethod = [null], testException = [null], mergedContextConfiguration = [WebMergedContextConfiguration@8d40153 testClass = ReportingStructureServiceImplTest, locations = '{}', classes = '{class com.mindex.challenge.ChallengeApplication}', contextInitializerClasses = '[]', activeProfiles = '{}', propertySourceLocations = '{}', propertySourceProperties = '{org.springframework.boot.test.context.SpringBootTestContextBootstrapper=true, server.port=0}', contextCustomizers = set[org.springframework.boot.test.autoconfigure.properties.PropertyMappingContextCustomizer@0, org.springframework.boot.test.autoconfigure.web.servlet.WebDriverContextCustomizerFactory$Customizer@3526de25, org.springframework.boot.test.context.filter.ExcludeFilterContextCustomizer@35e33f88, org.springframework.boot.test.json.DuplicateJsonObjectContextCustomizerFactory$DuplicateJsonObjectContextCustomizer@2e601efc, org.springframework.boot.test.mock.mockito.MockitoContextCustomizer@0, org.springframework.boot.test.web.client.TestRestTemplateContextCustomizer@3f9f653f], resourceBasePath = 'src/main/webapp', contextLoader = 'org.springframework.boot.test.context.SpringBootContextLoader', parent = [null]], attributes = map['org.springframework.test.context.web.ServletTestExecutionListener.activateListener' -> false]], class annotated with @DirtiesContext [false] with mode [null].
14:35:31.273 [Test worker] DEBUG org.springframework.test.annotation.ProfileValueUtils - Retrieved @ProfileValueSourceConfiguration [null] for test class [com.mindex.challenge.service.impl.ReportingStructureServiceImplTest]
14:35:31.273 [Test worker] DEBUG org.springframework.test.annotation.ProfileValueUtils - Retrieved ProfileValueSource type [class org.springframework.test.annotation.SystemProfileValueSource] for class [com.mindex.challenge.service.impl.ReportingStructureServiceImplTest]
14:35:31.277 [Test worker] DEBUG org.springframework.test.context.support.DependencyInjectionTestExecutionListener - Performing dependency injection for test context [[DefaultTestContext@108059f4 testClass = ReportingStructureServiceImplTest, testInstance = com.mindex.challenge.service.impl.ReportingStructureServiceImplTest@4d9c427b, testMethod = [null], testException = [null], mergedContextConfiguration = [WebMergedContextConfiguration@8d40153 testClass = ReportingStructureServiceImplTest, locations = '{}', classes = '{class com.mindex.challenge.ChallengeApplication}', contextInitializerClasses = '[]', activeProfiles = '{}', propertySourceLocations = '{}', propertySourceProperties = '{org.springframework.boot.test.context.SpringBootTestContextBootstrapper=true, server.port=0}', contextCustomizers = set[org.springframework.boot.test.autoconfigure.properties.PropertyMappingContextCustomizer@0, org.springframework.boot.test.autoconfigure.web.servlet.WebDriverContextCustomizerFactory$Customizer@3526de25, org.springframework.boot.test.context.filter.ExcludeFilterContextCustomizer@35e33f88, org.springframework.boot.test.json.DuplicateJsonObjectContextCustomizerFactory$DuplicateJsonObjectContextCustomizer@2e601efc, org.springframework.boot.test.mock.mockito.MockitoContextCustomizer@0, org.springframework.boot.test.web.client.TestRestTemplateContextCustomizer@3f9f653f], resourceBasePath = 'src/main/webapp', contextLoader = 'org.springframework.boot.test.context.SpringBootContextLoader', parent = [null]], attributes = map['org.springframework.test.context.web.ServletTestExecutionListener.activateListener' -> false]]].
14:35:31.296 [Test worker] DEBUG org.springframework.test.context.support.TestPropertySourceUtils - Adding inlined properties to environment: {spring.jmx.enabled=false, org.springframework.boot.test.context.SpringBootTestContextBootstrapper=true, server.port=0}

  .   ____          _            __ _ _
 /\\ / ___'_ __ _ _(_)_ __  __ _ \ \ \ \
( ( )\___ | '_ | '_| | '_ \/ _` | \ \ \ \
 \\/  ___)| |_)| | | | | || (_| |  ) ) ) )
  '  |____| .__|_| |_|_| |_\__, | / / / /
 =========|_|==============|___/=/_/_/_/
 :: Spring Boot ::        (v2.2.0.RELEASE)

2024-10-23 14:35:31.554  INFO 22780 --- [    Test worker] .c.s.i.ReportingStructureServiceImplTest : Starting ReportingStructureServiceImplTest on DESKTOP-HUAAO3G with PID 22780 (started by Tyler in C:\Users\Tyler\Downloads\mindex-java-code-challenge)
2024-10-23 14:35:31.555 DEBUG 22780 --- [    Test worker] .c.s.i.ReportingStructureServiceImplTest : Running with Spring Boot v2.2.0.RELEASE, Spring v5.2.0.RELEASE
2024-10-23 14:35:31.555  INFO 22780 --- [    Test worker] .c.s.i.ReportingStructureServiceImplTest : No active profile set, falling back to default profiles: default
2024-10-23 14:35:31.988  INFO 22780 --- [    Test worker] .s.d.r.c.RepositoryConfigurationDelegate : Bootstrapping Spring Data repositories in DEFAULT mode.
2024-10-23 14:35:32.030  INFO 22780 --- [    Test worker] .s.d.r.c.RepositoryConfigurationDelegate : Finished Spring Data repository scanning in 35ms. Found 1 repository interfaces.
2024-10-23 14:35:32.584  INFO 22780 --- [    Test worker] o.s.b.w.embedded.tomcat.TomcatWebServer  : Tomcat initialized with port(s): 0 (http)
2024-10-23 14:35:32.593  INFO 22780 --- [    Test worker] o.apache.catalina.core.StandardService   : Starting service [Tomcat]
2024-10-23 14:35:32.593  INFO 22780 --- [    Test worker] org.apache.catalina.core.StandardEngine  : Starting Servlet engine: [Apache Tomcat/9.0.27]
2024-10-23 14:35:32.687  INFO 22780 --- [    Test worker] o.a.c.c.C.[Tomcat].[localhost].[/]       : Initializing Spring embedded WebApplicationContext
2024-10-23 14:35:32.687  INFO 22780 --- [    Test worker] o.s.web.context.ContextLoader            : Root WebApplicationContext: initialization completed in 1113 ms
2024-10-23 14:35:33.637  INFO 22780 --- [    Test worker] de.bwaldvogel.mongo.MongoServer          : started MongoServer(port: 63897, ssl: false)
2024-10-23 14:35:33.717  INFO 22780 --- [    Test worker] org.mongodb.driver.cluster               : Cluster created with settings {hosts=[127.0.0.1:63897], mode=SINGLE, requiredClusterType=UNKNOWN, serverSelectionTimeout='30000 ms', maxWaitQueueSize=500}
2024-10-23 14:35:33.772  INFO 22780 --- [-server-worker1] d.b.mongo.wire.MongoWireProtocolHandler  : client [id: 0xa9df119c, L:/127.0.0.1:63897 - R:/127.0.0.1:63898] connected
2024-10-23 14:35:33.837  INFO 22780 --- [127.0.0.1:63897] org.mongodb.driver.connection            : Opened connection [connectionId{localValue:1}] to 127.0.0.1:63897
2024-10-23 14:35:33.839  INFO 22780 --- [127.0.0.1:63897] org.mongodb.driver.cluster               : Monitor thread successfully connected to server with description ServerDescription{address=127.0.0.1:63897, type=STANDALONE, state=CONNECTED, ok=true, version=ServerVersion{versionList=[3, 0, 0]}, minWireVersion=0, maxWireVersion=2, maxDocumentSize=16777216, logicalSessionTimeoutMinutes=null, roundTripTimeNanos=1083600}
2024-10-23 14:35:33.851  WARN 22780 --- [    Test worker] o.s.data.convert.CustomConversions       : Registering converter from class java.time.LocalDateTime to class java.time.Instant as reading converter although it doesn't convert from a store-supported type! You might wanna check you annotation setup at the converter implementation.
2024-10-23 14:35:33.851  WARN 22780 --- [    Test worker] o.s.data.convert.CustomConversions       : Registering converter from class java.time.Instant to class java.time.LocalDateTime as reading converter although it doesn't convert from a store-supported type! You might wanna check you annotation setup at the converter implementation.
2024-10-23 14:35:33.856  WARN 22780 --- [    Test worker] o.s.data.convert.CustomConversions       : Registering converter from class java.time.LocalDateTime to class java.time.Instant as reading converter although it doesn't convert from a store-supported type! You might wanna check you annotation setup at the converter implementation.
2024-10-23 14:35:33.856  WARN 22780 --- [    Test worker] o.s.data.convert.CustomConversions       : Registering converter from class java.time.Instant to class java.time.LocalDateTime as reading converter although it doesn't convert from a store-supported type! You might wanna check you annotation setup at the converter implementation.
2024-10-23 14:35:34.149  INFO 22780 --- [-server-worker2] d.b.mongo.wire.MongoWireProtocolHandler  : client [id: 0xe2565bcb, L:/127.0.0.1:63897 - R:/127.0.0.1:63899] connected
2024-10-23 14:35:34.156  INFO 22780 --- [    Test worker] org.mongodb.driver.connection            : Opened connection [connectionId{localValue:2}] to 127.0.0.1:63897
2024-10-23 14:35:34.175  INFO 22780 --- [-server-worker2] d.b.mongo.backend.AbstractMongoBackend   : created database test
2024-10-23 14:35:34.182  INFO 22780 --- [-server-worker2] d.b.mongo.backend.AbstractMongoDatabase  : adding unique _id index for collection employee
2024-10-23 14:35:34.183  INFO 22780 --- [-server-worker2] d.b.mongo.backend.AbstractMongoDatabase  : created collection test.employee
2024-10-23 14:35:34.350  INFO 22780 --- [    Test worker] o.s.s.concurrent.ThreadPoolTaskExecutor  : Initializing ExecutorService 'applicationTaskExecutor'
2024-10-23 14:35:34.511  WARN 22780 --- [    Test worker] o.s.data.convert.CustomConversions       : Registering converter from class java.time.LocalDateTime to class java.time.Instant as reading converter although it doesn't convert from a store-supported type! You might wanna check you annotation setup at the converter implementation.
2024-10-23 14:35:34.512  WARN 22780 --- [    Test worker] o.s.data.convert.CustomConversions       : Registering converter from class java.time.Instant to class java.time.LocalDateTime as reading converter although it doesn't convert from a store-supported type! You might wanna check you annotation setup at the converter implementation.
2024-10-23 14:35:34.528  WARN 22780 --- [    Test worker] o.s.data.convert.CustomConversions       : Registering converter from class java.time.LocalDateTime to class java.time.Instant as reading converter although it doesn't convert from a store-supported type! You might wanna check you annotation setup at the converter implementation.
2024-10-23 14:35:34.528  WARN 22780 --- [    Test worker] o.s.data.convert.CustomConversions       : Registering converter from class java.time.Instant to class java.time.LocalDateTime as reading converter although it doesn't convert from a store-supported type! You might wanna check you annotation setup at the converter implementation.
2024-10-23 14:35:34.608  INFO 22780 --- [    Test worker] o.s.b.w.embedded.tomcat.TomcatWebServer  : Tomcat started on port(s): 63900 (http) with context path ''
2024-10-23 14:35:34.610  INFO 22780 --- [    Test worker] .c.s.i.ReportingStructureServiceImplTest : Started ReportingStructureServiceImplTest in 3.311 seconds (JVM running for 6.259)
2024-10-23 14:35:35.066  INFO 22780 --- [o-auto-1-exec-1] o.a.c.c.C.[Tomcat].[localhost].[/]       : Initializing Spring DispatcherServlet 'dispatcherServlet'
2024-10-23 14:35:35.066  INFO 22780 --- [o-auto-1-exec-1] o.s.web.servlet.DispatcherServlet        : Initializing Servlet 'dispatcherServlet'
2024-10-23 14:35:35.082  INFO 22780 --- [o-auto-1-exec-1] o.s.web.servlet.DispatcherServlet        : Completed initialization in 16 ms
2024-10-23 14:35:35.108 DEBUG 22780 --- [o-auto-1-exec-1] c.m.c.controller.EmployeeController      : Received employee create request for [com.mindex.challenge.data.Employee@6047fb45]
2024-10-23 14:35:35.109 DEBUG 22780 --- [o-auto-1-exec-1] c.m.c.service.impl.EmployeeServiceImpl   : Creating employee [com.mindex.challenge.data.Employee@6047fb45]
2024-10-23 14:35:35.133 DEBUG 22780 --- [o-auto-1-exec-2] c.m.c.c.ReportingStructureController     : Received reporting structure read request for id [d77bf143-526d-40c6-81ed-dbbdb760d107]
2024-10-23 14:35:35.133 DEBUG 22780 --- [o-auto-1-exec-2] c.m.c.s.i.ReportingStructureServiceImpl  : Creating reporting structure with id [d77bf143-526d-40c6-81ed-dbbdb760d107]
2024-10-23 14:35:35.184 DEBUG 22780 --- [o-auto-1-exec-3] c.m.c.controller.EmployeeController      : Received employee create request for [com.mindex.challenge.data.Employee@2ebe20cc]
2024-10-23 14:35:35.184 DEBUG 22780 --- [o-auto-1-exec-3] c.m.c.service.impl.EmployeeServiceImpl   : Creating employee [com.mindex.challenge.data.Employee@2ebe20cc]
2024-10-23 14:35:35.189 DEBUG 22780 --- [o-auto-1-exec-4] c.m.c.controller.EmployeeController      : Received employee create request for [com.mindex.challenge.data.Employee@59682826]
2024-10-23 14:35:35.189 DEBUG 22780 --- [o-auto-1-exec-4] c.m.c.service.impl.EmployeeServiceImpl   : Creating employee [com.mindex.challenge.data.Employee@59682826]
2024-10-23 14:35:35.194 DEBUG 22780 --- [o-auto-1-exec-5] c.m.c.controller.EmployeeController      : Received employee create request for id [com.mindex.challenge.data.Employee@28bf0200] and employee [com.mindex.challenge.data.Employee@23c8b316]
2024-10-23 14:35:35.194 DEBUG 22780 --- [o-auto-1-exec-5] c.m.c.service.impl.EmployeeServiceImpl   : Updating employee [com.mindex.challenge.data.Employee@23c8b316]
2024-10-23 14:35:35.211 DEBUG 22780 --- [o-auto-1-exec-6] c.m.c.c.ReportingStructureController     : Received reporting structure read request for id [com.mindex.challenge.data.Employee@28bf0200]
2024-10-23 14:35:35.211 DEBUG 22780 --- [o-auto-1-exec-6] c.m.c.s.i.ReportingStructureServiceImpl  : Creating reporting structure with id [com.mindex.challenge.data.Employee@28bf0200]
2024-10-23 14:35:35.220 DEBUG 22780 --- [o-auto-1-exec-7] c.m.c.controller.EmployeeController      : Received employee create request for [com.mindex.challenge.data.Employee@612ab7cd]
2024-10-23 14:35:35.220 DEBUG 22780 --- [o-auto-1-exec-7] c.m.c.service.impl.EmployeeServiceImpl   : Creating employee [com.mindex.challenge.data.Employee@612ab7cd]
2024-10-23 14:35:35.226 DEBUG 22780 --- [o-auto-1-exec-8] c.m.c.controller.EmployeeController      : Received employee create request for [com.mindex.challenge.data.Employee@7860b2b8]
2024-10-23 14:35:35.226 DEBUG 22780 --- [o-auto-1-exec-8] c.m.c.service.impl.EmployeeServiceImpl   : Creating employee [com.mindex.challenge.data.Employee@7860b2b8]
2024-10-23 14:35:35.230 DEBUG 22780 --- [o-auto-1-exec-9] c.m.c.controller.EmployeeController      : Received employee create request for [com.mindex.challenge.data.Employee@257caa2a]
2024-10-23 14:35:35.230 DEBUG 22780 --- [o-auto-1-exec-9] c.m.c.service.impl.EmployeeServiceImpl   : Creating employee [com.mindex.challenge.data.Employee@257caa2a]
2024-10-23 14:35:35.234 DEBUG 22780 --- [-auto-1-exec-10] c.m.c.controller.EmployeeController      : Received employee create request for [com.mindex.challenge.data.Employee@8e1f149]
2024-10-23 14:35:35.234 DEBUG 22780 --- [-auto-1-exec-10] c.m.c.service.impl.EmployeeServiceImpl   : Creating employee [com.mindex.challenge.data.Employee@8e1f149]
2024-10-23 14:35:35.238 DEBUG 22780 --- [o-auto-1-exec-1] c.m.c.controller.EmployeeController      : Received employee create request for [com.mindex.challenge.data.Employee@5de7c8ae]
2024-10-23 14:35:35.238 DEBUG 22780 --- [o-auto-1-exec-1] c.m.c.service.impl.EmployeeServiceImpl   : Creating employee [com.mindex.challenge.data.Employee@5de7c8ae]
2024-10-23 14:35:35.242 DEBUG 22780 --- [o-auto-1-exec-3] c.m.c.controller.EmployeeController      : Received employee create request for id [com.mindex.challenge.data.Employee@59575d13] and employee [com.mindex.challenge.data.Employee@6144d150]
2024-10-23 14:35:35.242 DEBUG 22780 --- [o-auto-1-exec-3] c.m.c.service.impl.EmployeeServiceImpl   : Updating employee [com.mindex.challenge.data.Employee@6144d150]
2024-10-23 14:35:35.245 DEBUG 22780 --- [o-auto-1-exec-4] c.m.c.controller.EmployeeController      : Received employee create request for id [com.mindex.challenge.data.Employee@bbdeb09] and employee [com.mindex.challenge.data.Employee@57afdd7b]
2024-10-23 14:35:35.246 DEBUG 22780 --- [o-auto-1-exec-4] c.m.c.service.impl.EmployeeServiceImpl   : Updating employee [com.mindex.challenge.data.Employee@57afdd7b]
2024-10-23 14:35:35.249 DEBUG 22780 --- [o-auto-1-exec-5] c.m.c.controller.EmployeeController      : Received employee create request for id [com.mindex.challenge.data.Employee@46033c86] and employee [com.mindex.challenge.data.Employee@3a0f9d37]
2024-10-23 14:35:35.249 DEBUG 22780 --- [o-auto-1-exec-5] c.m.c.service.impl.EmployeeServiceImpl   : Updating employee [com.mindex.challenge.data.Employee@3a0f9d37]
2024-10-23 14:35:35.253 DEBUG 22780 --- [o-auto-1-exec-6] c.m.c.controller.EmployeeController      : Received employee create request for id [com.mindex.challenge.data.Employee@5439a455] and employee [com.mindex.challenge.data.Employee@6df38433]
2024-10-23 14:35:35.253 DEBUG 22780 --- [o-auto-1-exec-6] c.m.c.service.impl.EmployeeServiceImpl   : Updating employee [com.mindex.challenge.data.Employee@6df38433]
2024-10-23 14:35:35.256 DEBUG 22780 --- [o-auto-1-exec-7] c.m.c.controller.EmployeeController      : Received employee create request for id [com.mindex.challenge.data.Employee@37e5c404] and employee [com.mindex.challenge.data.Employee@2428258c]
2024-10-23 14:35:35.256 DEBUG 22780 --- [o-auto-1-exec-7] c.m.c.service.impl.EmployeeServiceImpl   : Updating employee [com.mindex.challenge.data.Employee@2428258c]
2024-10-23 14:35:35.258 DEBUG 22780 --- [o-auto-1-exec-8] c.m.c.c.ReportingStructureController     : Received reporting structure read request for id [com.mindex.challenge.data.Employee@59575d13]
2024-10-23 14:35:35.258 DEBUG 22780 --- [o-auto-1-exec-8] c.m.c.s.i.ReportingStructureServiceImpl  : Creating reporting structure with id [com.mindex.challenge.data.Employee@59575d13]
2024-10-23 14:35:35.261 DEBUG 22780 --- [o-auto-1-exec-9] c.m.c.c.ReportingStructureController     : Received reporting structure read request for id [com.mindex.challenge.data.Employee@46033c86]
2024-10-23 14:35:35.261 DEBUG 22780 --- [o-auto-1-exec-9] c.m.c.s.i.ReportingStructureServiceImpl  : Creating reporting structure with id [com.mindex.challenge.data.Employee@46033c86]
]]></system-out>
  <system-err><![CDATA[]]></system-err>
</testsuite>
